<?xml version="1.0" encoding="UTF-8"?>
<!-- Generated by org.testng.reporters.JUnitReportReporter -->
<testsuite skipped="0" hostname="LAPTOP-HQ8C8PHK" name="com.walmart.qa.testcases.HomePageTest" tests="3" failures="0" timestamp="2021-01-25T18:02:17 EST" time="50.070" errors="0">
  <testcase name="validateHomePageTitleTest" time="13.746" classname="com.walmart.qa.testcases.HomePageTest"/>
  <system-out/>
  <testcase name="validateWalmartImageTest" time="15.648" classname="com.walmart.qa.testcases.HomePageTest"/>
  <system-out/>
  <testcase name="validateShopGroceryTest" time="20.676" classname="com.walmart.qa.testcases.HomePageTest"/>
  <system-out/>
</testsuite> <!-- com.walmart.qa.testcases.HomePageTest -->
